
[2K[1G[1myarn run v1.22.22[22m
[2K[1G[2m$ next build[22m
  [1m[38;2;173;127;168m▲ Next.js 14.2.6[39m[22m
  - Environments: .env.local
  - Experiments (use with caution):
    · instrumentationHook

 [37m[1m [22m[39m Creating an optimized production build ...
 [32m[1m✓[22m[39m Compiled successfully
[?25l [37m[1m [22m[39m Linting and checking validity of types  [36m.[39m[2K[1G [37m[1m [22m[39m Linting and checking validity of types  [36m..[39m[2K[1G [37m[1m [22m[39m Linting and checking validity of types  [36m...[39m[2K[1G [37m[1m [22m[39m Linting and checking validity of types  [36m.[39m[2K[1G [37m[1m [22m[39m Linting and checking validity of types  [36m..[39m[2K[1G [37m[1m [22m[39m Linting and checking validity of types  [36m...[39m[2K[1G [37m[1m [22m[39m Linting and checking validity of types  [36m.[39m[2K[1G [37m[1m [22m[39m Linting and checking validity of types  [36m..[39m[2K[1G [37m[1m [22m[39m Linting and checking validity of types  [36m...[39m[2K[1G [37m[1m [22m[39m Linting and checking validity of types  [36m.[39m[2K[1G[?25h [37m[1m [22m[39m Linting and checking validity of types     [32m[1m✓[22m[39m Linting and checking validity of types 
[?25l [37m[1m [22m[39m Collecting page data  [36m.[39m[2K[1G [37m[1m [22m[39m Collecting page data  [36m..[39m[2K[1G [37m[1m [22m[39m Collecting page data  [36m...[39m[2K[1G[?25h [37m[1m [22m[39m Collecting page data     [32m[1m✓[22m[39m Collecting page data 
[?25l [37m[1m [22m[39m Generating static pages (0/6)  [36m[    ][39m[2K[1G [37m[1m [22m[39m Generating static pages (1/6)  [36m[=   ][39m[2K[1G[?25h [32m[1m✓[22m[39m Generating static pages (6/6)
[?25l [37m[1m [22m[39m Finalizing page optimization  [36m.[39m[?25l [37m[1m [22m[39m Collecting build traces  [36m.[39m[2K[1G[?25h [37m[1m [22m[39m Collecting build traces     [32m[1m✓[22m[39m Collecting build traces 
[2K[1G[?25h [37m[1m [22m[39m Finalizing page optimization     [32m[1m✓[22m[39m Finalizing page optimization 

[4mRoute (app)[24m                              [4mSize[24m     [4mFirst Load JS[24m
┌ ƒ /                                    7.78 kB         [37m[1m387 kB[22m[39m
├ ƒ /_not-found                          1.02 kB         [37m[1m188 kB[22m[39m
├ ƒ /api/liveblocks-auth                 0 B                [37m[1m0 B[22m[39m
├ ƒ /api/sentry-example-api              0 B                [37m[1m0 B[22m[39m
├ ƒ /documents/[id]                      104 kB          [37m[1m483 kB[22m[39m
├ ƒ /sign-in/[[...sign-in]]              1.81 kB         [37m[1m211 kB[22m[39m
└ ƒ /sign-up/[[...sign-up]]              1.81 kB         [37m[1m211 kB[22m[39m
+ First Load JS shared by all            [37m[1m187 kB[22m[39m
  ├ chunks/1dd3208c-dbe1dc14690ec53a.js  53.8 kB
  ├ chunks/59c6eb5a-9446a7b421a3db8b.js  36.1 kB
  ├ chunks/936-fc42e7c26893384f.js       94.8 kB
  └ other shared chunks (total)          2.57 kB


ƒ Middleware                             [37m[1m88.8 kB[22m[39m

ƒ  (Dynamic)  server-rendered on demand

[?25h[2K[1G✨  Done in 36.77s.
